Analysis & Synthesis report for final
Sun Jan 05 00:57:19 2025
Quartus Prime Version 18.1.0 Build 625 09/12/2018 SJ Lite Edition


---------------------
; Table of Contents ;
---------------------
  1. Legal Notice
  2. Analysis & Synthesis Summary
  3. Analysis & Synthesis Settings
  4. Parallel Compilation
  5. Analysis & Synthesis Source Files Read
  6. Analysis & Synthesis Resource Usage Summary
  7. Analysis & Synthesis Resource Utilization by Entity
  8. Analysis & Synthesis DSP Block Usage Summary
  9. State Machine - |final|checkkeypad:u_ck|keypadBuf
 10. User-Specified and Inferred Latches
 11. Registers Removed During Synthesis
 12. General Register Statistics
 13. Inverted Register Statistics
 14. Multiplexer Restructuring Statistics (Restructuring Performed)
 15. Parameter Settings for User Entity Instance: VGA_Dispay:u_VGA_Disp
 16. Parameter Settings for Inferred Entity Instance: VGA_Dispay:u_VGA_Disp|lpm_mult:Mult0
 17. Parameter Settings for Inferred Entity Instance: VGA_Dispay:u_VGA_Disp|lpm_mult:Mult1
 18. Parameter Settings for Inferred Entity Instance: VGA_Dispay:u_VGA_Disp|lpm_add_sub:Add10
 19. Parameter Settings for Inferred Entity Instance: VGA_Dispay:u_VGA_Disp|lpm_add_sub:Add11
 20. lpm_mult Parameter Settings by Entity Instance
 21. Post-Synthesis Netlist Statistics for Top Partition
 22. Elapsed Time Per Partition
 23. Analysis & Synthesis Messages
 24. Analysis & Synthesis Suppressed Messages



----------------
; Legal Notice ;
----------------
Copyright (C) 2018  Intel Corporation. All rights reserved.
Your use of Intel Corporation's design tools, logic functions 
and other software and tools, and its AMPP partner logic 
functions, and any output files from any of the foregoing 
(including device programming or simulation files), and any 
associated documentation or information are expressly subject 
to the terms and conditions of the Intel Program License 
Subscription Agreement, the Intel Quartus Prime License Agreement,
the Intel FPGA IP License Agreement, or other applicable license
agreement, including, without limitation, that your use is for
the sole purpose of programming logic devices manufactured by
Intel and sold by Intel or its authorized distributors.  Please
refer to the applicable agreement for further details.



+----------------------------------------------------------------------------------+
; Analysis & Synthesis Summary                                                     ;
+------------------------------------+---------------------------------------------+
; Analysis & Synthesis Status        ; Successful - Sun Jan 05 00:57:19 2025       ;
; Quartus Prime Version              ; 18.1.0 Build 625 09/12/2018 SJ Lite Edition ;
; Revision Name                      ; final                                       ;
; Top-level Entity Name              ; final                                       ;
; Family                             ; MAX 10                                      ;
; Total logic elements               ; 636                                         ;
;     Total combinational functions  ; 636                                         ;
;     Dedicated logic registers      ; 207                                         ;
; Total registers                    ; 207                                         ;
; Total pins                         ; 73                                          ;
; Total virtual pins                 ; 0                                           ;
; Total memory bits                  ; 0                                           ;
; Embedded Multiplier 9-bit elements ; 4                                           ;
; Total PLLs                         ; 0                                           ;
; UFM blocks                         ; 0                                           ;
; ADC blocks                         ; 0                                           ;
+------------------------------------+---------------------------------------------+


+------------------------------------------------------------------------------------------------------------+
; Analysis & Synthesis Settings                                                                              ;
+------------------------------------------------------------------+--------------------+--------------------+
; Option                                                           ; Setting            ; Default Value      ;
+------------------------------------------------------------------+--------------------+--------------------+
; Device                                                           ; 10M50DAF484C7G     ;                    ;
; Top-level entity name                                            ; final              ; final              ;
; Family name                                                      ; MAX 10             ; Cyclone V          ;
; Use smart compilation                                            ; Off                ; Off                ;
; Enable parallel Assembler and Timing Analyzer during compilation ; On                 ; On                 ;
; Enable compact report table                                      ; Off                ; Off                ;
; Restructure Multiplexers                                         ; Auto               ; Auto               ;
; Create Debugging Nodes for IP Cores                              ; Off                ; Off                ;
; Preserve fewer node names                                        ; On                 ; On                 ;
; Intel FPGA IP Evaluation Mode                                    ; Enable             ; Enable             ;
; Verilog Version                                                  ; Verilog_2001       ; Verilog_2001       ;
; VHDL Version                                                     ; VHDL_1993          ; VHDL_1993          ;
; State Machine Processing                                         ; Auto               ; Auto               ;
; Safe State Machine                                               ; Off                ; Off                ;
; Extract Verilog State Machines                                   ; On                 ; On                 ;
; Extract VHDL State Machines                                      ; On                 ; On                 ;
; Ignore Verilog initial constructs                                ; Off                ; Off                ;
; Iteration limit for constant Verilog loops                       ; 5000               ; 5000               ;
; Iteration limit for non-constant Verilog loops                   ; 250                ; 250                ;
; Add Pass-Through Logic to Inferred RAMs                          ; On                 ; On                 ;
; Infer RAMs from Raw Logic                                        ; On                 ; On                 ;
; Parallel Synthesis                                               ; On                 ; On                 ;
; DSP Block Balancing                                              ; Auto               ; Auto               ;
; NOT Gate Push-Back                                               ; On                 ; On                 ;
; Power-Up Don't Care                                              ; On                 ; On                 ;
; Remove Redundant Logic Cells                                     ; Off                ; Off                ;
; Remove Duplicate Registers                                       ; On                 ; On                 ;
; Ignore CARRY Buffers                                             ; Off                ; Off                ;
; Ignore CASCADE Buffers                                           ; Off                ; Off                ;
; Ignore GLOBAL Buffers                                            ; Off                ; Off                ;
; Ignore ROW GLOBAL Buffers                                        ; Off                ; Off                ;
; Ignore LCELL Buffers                                             ; Off                ; Off                ;
; Ignore SOFT Buffers                                              ; On                 ; On                 ;
; Limit AHDL Integers to 32 Bits                                   ; Off                ; Off                ;
; Optimization Technique                                           ; Balanced           ; Balanced           ;
; Carry Chain Length                                               ; 70                 ; 70                 ;
; Auto Carry Chains                                                ; On                 ; On                 ;
; Auto Open-Drain Pins                                             ; On                 ; On                 ;
; Perform WYSIWYG Primitive Resynthesis                            ; Off                ; Off                ;
; Auto ROM Replacement                                             ; On                 ; On                 ;
; Auto RAM Replacement                                             ; On                 ; On                 ;
; Auto DSP Block Replacement                                       ; On                 ; On                 ;
; Auto Shift Register Replacement                                  ; Auto               ; Auto               ;
; Allow Shift Register Merging across Hierarchies                  ; Auto               ; Auto               ;
; Auto Clock Enable Replacement                                    ; On                 ; On                 ;
; Strict RAM Replacement                                           ; Off                ; Off                ;
; Allow Synchronous Control Signals                                ; On                 ; On                 ;
; Force Use of Synchronous Clear Signals                           ; Off                ; Off                ;
; Auto RAM Block Balancing                                         ; On                 ; On                 ;
; Auto RAM to Logic Cell Conversion                                ; Off                ; Off                ;
; Auto Resource Sharing                                            ; Off                ; Off                ;
; Allow Any RAM Size For Recognition                               ; Off                ; Off                ;
; Allow Any ROM Size For Recognition                               ; Off                ; Off                ;
; Allow Any Shift Register Size For Recognition                    ; Off                ; Off                ;
; Use LogicLock Constraints during Resource Balancing              ; On                 ; On                 ;
; Ignore translate_off and synthesis_off directives                ; Off                ; Off                ;
; Timing-Driven Synthesis                                          ; On                 ; On                 ;
; Report Parameter Settings                                        ; On                 ; On                 ;
; Report Source Assignments                                        ; On                 ; On                 ;
; Report Connectivity Checks                                       ; On                 ; On                 ;
; Ignore Maximum Fan-Out Assignments                               ; Off                ; Off                ;
; Synchronization Register Chain Length                            ; 2                  ; 2                  ;
; Power Optimization During Synthesis                              ; Normal compilation ; Normal compilation ;
; HDL message level                                                ; Level2             ; Level2             ;
; Suppress Register Optimization Related Messages                  ; Off                ; Off                ;
; Number of Removed Registers Reported in Synthesis Report         ; 5000               ; 5000               ;
; Number of Swept Nodes Reported in Synthesis Report               ; 5000               ; 5000               ;
; Number of Inverted Registers Reported in Synthesis Report        ; 100                ; 100                ;
; Clock MUX Protection                                             ; On                 ; On                 ;
; Auto Gated Clock Conversion                                      ; Off                ; Off                ;
; Block Design Naming                                              ; Auto               ; Auto               ;
; SDC constraint protection                                        ; Off                ; Off                ;
; Synthesis Effort                                                 ; Auto               ; Auto               ;
; Shift Register Replacement - Allow Asynchronous Clear Signal     ; On                 ; On                 ;
; Pre-Mapping Resynthesis Optimization                             ; Off                ; Off                ;
; Analysis & Synthesis Message Level                               ; Medium             ; Medium             ;
; Disable Register Merging Across Hierarchies                      ; Auto               ; Auto               ;
; Resource Aware Inference For Block RAM                           ; On                 ; On                 ;
+------------------------------------------------------------------+--------------------+--------------------+


+------------------------------------------+
; Parallel Compilation                     ;
+----------------------------+-------------+
; Processors                 ; Number      ;
+----------------------------+-------------+
; Number detected on machine ; 12          ;
; Maximum allowed            ; 12          ;
;                            ;             ;
; Average used               ; 1.00        ;
; Maximum used               ; 12          ;
;                            ;             ;
; Usage by Processor         ; % Time Used ;
;     Processor 1            ; 100.0%      ;
;     Processor 2            ;   0.0%      ;
;     Processors 3-12        ;   0.0%      ;
+----------------------------+-------------+


+------------------------------------------------------------------------------------------------------------------------------------------------------------------------------+
; Analysis & Synthesis Source Files Read                                                                                                                                       ;
+----------------------------------+-----------------+------------------------------+--------------------------------------------------------------------------------+---------+
; File Name with User-Entered Path ; Used in Netlist ; File Type                    ; File Name with Absolute Path                                                   ; Library ;
+----------------------------------+-----------------+------------------------------+--------------------------------------------------------------------------------+---------+
; checkkeypad.v                    ; yes             ; User Verilog HDL File        ; C:/Users/user/Downloads/finalproject/finalproject/checkkeypad.v                ;         ;
; final.v                          ; yes             ; Auto-Found Verilog HDL File  ; C:/Users/user/Downloads/finalproject/finalproject/final.v                      ;         ;
; vga_dispay.v                     ; yes             ; Auto-Found Verilog HDL File  ; C:/Users/user/Downloads/finalproject/finalproject/vga_dispay.v                 ;         ;
; definition.h                     ; yes             ; Auto-Found File              ; C:/Users/user/Downloads/finalproject/finalproject/definition.h                 ;         ;
; seven_seg.v                      ; yes             ; Auto-Found Verilog HDL File  ; C:/Users/user/Downloads/finalproject/finalproject/seven_seg.v                  ;         ;
; lpm_mult.tdf                     ; yes             ; Megafunction                 ; c:/intelfpga_lite/18.1/quartus/libraries/megafunctions/lpm_mult.tdf            ;         ;
; aglobal181.inc                   ; yes             ; Megafunction                 ; c:/intelfpga_lite/18.1/quartus/libraries/megafunctions/aglobal181.inc          ;         ;
; lpm_add_sub.inc                  ; yes             ; Megafunction                 ; c:/intelfpga_lite/18.1/quartus/libraries/megafunctions/lpm_add_sub.inc         ;         ;
; multcore.inc                     ; yes             ; Megafunction                 ; c:/intelfpga_lite/18.1/quartus/libraries/megafunctions/multcore.inc            ;         ;
; bypassff.inc                     ; yes             ; Megafunction                 ; c:/intelfpga_lite/18.1/quartus/libraries/megafunctions/bypassff.inc            ;         ;
; altshift.inc                     ; yes             ; Megafunction                 ; c:/intelfpga_lite/18.1/quartus/libraries/megafunctions/altshift.inc            ;         ;
; db/mult_fgs.tdf                  ; yes             ; Auto-Generated Megafunction  ; C:/Users/user/Downloads/finalproject/finalproject/db/mult_fgs.tdf              ;         ;
; lpm_add_sub.tdf                  ; yes             ; Megafunction                 ; c:/intelfpga_lite/18.1/quartus/libraries/megafunctions/lpm_add_sub.tdf         ;         ;
; addcore.inc                      ; yes             ; Megafunction                 ; c:/intelfpga_lite/18.1/quartus/libraries/megafunctions/addcore.inc             ;         ;
; look_add.inc                     ; yes             ; Megafunction                 ; c:/intelfpga_lite/18.1/quartus/libraries/megafunctions/look_add.inc            ;         ;
; alt_stratix_add_sub.inc          ; yes             ; Megafunction                 ; c:/intelfpga_lite/18.1/quartus/libraries/megafunctions/alt_stratix_add_sub.inc ;         ;
; db/add_sub_29i.tdf               ; yes             ; Auto-Generated Megafunction  ; C:/Users/user/Downloads/finalproject/finalproject/db/add_sub_29i.tdf           ;         ;
+----------------------------------+-----------------+------------------------------+--------------------------------------------------------------------------------+---------+


+---------------------------------------------------------+
; Analysis & Synthesis Resource Usage Summary             ;
+---------------------------------------------+-----------+
; Resource                                    ; Usage     ;
+---------------------------------------------+-----------+
; Estimated Total logic elements              ; 636       ;
;                                             ;           ;
; Total combinational functions               ; 636       ;
; Logic element usage by number of LUT inputs ;           ;
;     -- 4 input functions                    ; 197       ;
;     -- 3 input functions                    ; 230       ;
;     -- <=2 input functions                  ; 209       ;
;                                             ;           ;
; Logic elements by mode                      ;           ;
;     -- normal mode                          ; 384       ;
;     -- arithmetic mode                      ; 252       ;
;                                             ;           ;
; Total registers                             ; 207       ;
;     -- Dedicated logic registers            ; 207       ;
;     -- I/O registers                        ; 0         ;
;                                             ;           ;
; I/O pins                                    ; 73        ;
;                                             ;           ;
; Embedded Multiplier 9-bit elements          ; 4         ;
;                                             ;           ;
; Maximum fan-out node                        ; rst~input ;
; Maximum fan-out                             ; 129       ;
; Total fan-out                               ; 2647      ;
; Average fan-out                             ; 2.67      ;
+---------------------------------------------+-----------+


+-----------------------------------------------------------------------------------------------------------------------------------------------------------------------------------------------------------------------------------------------------------------------------------------------------+
; Analysis & Synthesis Resource Utilization by Entity                                                                                                                                                                                                                                                 ;
+---------------------------------------+---------------------+---------------------------+-------------+------------+--------------+---------+-----------+------+--------------+------------+---------------------------------------------------------------------------+-------------+--------------+
; Compilation Hierarchy Node            ; Combinational ALUTs ; Dedicated Logic Registers ; Memory Bits ; UFM Blocks ; DSP Elements ; DSP 9x9 ; DSP 18x18 ; Pins ; Virtual Pins ; ADC blocks ; Full Hierarchy Name                                                       ; Entity Name ; Library Name ;
+---------------------------------------+---------------------+---------------------------+-------------+------------+--------------+---------+-----------+------+--------------+------------+---------------------------------------------------------------------------+-------------+--------------+
; |final                                ; 636 (0)             ; 207 (0)                   ; 0           ; 0          ; 4            ; 0       ; 2         ; 73   ; 0            ; 0          ; |final                                                                    ; final       ; work         ;
;    |VGA_Dispay:u_VGA_Disp|            ; 332 (309)           ; 78 (78)                   ; 0           ; 0          ; 4            ; 0       ; 2         ; 0    ; 0            ; 0          ; |final|VGA_Dispay:u_VGA_Disp                                              ; VGA_Dispay  ; work         ;
;       |lpm_add_sub:Add10|             ; 14 (0)              ; 0 (0)                     ; 0           ; 0          ; 0            ; 0       ; 0         ; 0    ; 0            ; 0          ; |final|VGA_Dispay:u_VGA_Disp|lpm_add_sub:Add10                            ; lpm_add_sub ; work         ;
;          |add_sub_29i:auto_generated| ; 14 (14)             ; 0 (0)                     ; 0           ; 0          ; 0            ; 0       ; 0         ; 0    ; 0            ; 0          ; |final|VGA_Dispay:u_VGA_Disp|lpm_add_sub:Add10|add_sub_29i:auto_generated ; add_sub_29i ; work         ;
;       |lpm_add_sub:Add11|             ; 9 (0)               ; 0 (0)                     ; 0           ; 0          ; 0            ; 0       ; 0         ; 0    ; 0            ; 0          ; |final|VGA_Dispay:u_VGA_Disp|lpm_add_sub:Add11                            ; lpm_add_sub ; work         ;
;          |add_sub_29i:auto_generated| ; 9 (9)               ; 0 (0)                     ; 0           ; 0          ; 0            ; 0       ; 0         ; 0    ; 0            ; 0          ; |final|VGA_Dispay:u_VGA_Disp|lpm_add_sub:Add11|add_sub_29i:auto_generated ; add_sub_29i ; work         ;
;       |lpm_mult:Mult0|                ; 0 (0)               ; 0 (0)                     ; 0           ; 0          ; 2            ; 0       ; 1         ; 0    ; 0            ; 0          ; |final|VGA_Dispay:u_VGA_Disp|lpm_mult:Mult0                               ; lpm_mult    ; work         ;
;          |mult_fgs:auto_generated|    ; 0 (0)               ; 0 (0)                     ; 0           ; 0          ; 2            ; 0       ; 1         ; 0    ; 0            ; 0          ; |final|VGA_Dispay:u_VGA_Disp|lpm_mult:Mult0|mult_fgs:auto_generated       ; mult_fgs    ; work         ;
;       |lpm_mult:Mult1|                ; 0 (0)               ; 0 (0)                     ; 0           ; 0          ; 2            ; 0       ; 1         ; 0    ; 0            ; 0          ; |final|VGA_Dispay:u_VGA_Disp|lpm_mult:Mult1                               ; lpm_mult    ; work         ;
;          |mult_fgs:auto_generated|    ; 0 (0)               ; 0 (0)                     ; 0           ; 0          ; 2            ; 0       ; 1         ; 0    ; 0            ; 0          ; |final|VGA_Dispay:u_VGA_Disp|lpm_mult:Mult1|mult_fgs:auto_generated       ; mult_fgs    ; work         ;
;    |checkkeypad:u_ck|                 ; 167 (167)           ; 101 (101)                 ; 0           ; 0          ; 0            ; 0       ; 0         ; 0    ; 0            ; 0          ; |final|checkkeypad:u_ck                                                   ; checkkeypad ; work         ;
;    |seven_seg:score_board|            ; 137 (137)           ; 28 (28)                   ; 0           ; 0          ; 0            ; 0       ; 0         ; 0    ; 0            ; 0          ; |final|seven_seg:score_board                                              ; seven_seg   ; work         ;
+---------------------------------------+---------------------+---------------------------+-------------+------------+--------------+---------+-----------+------+--------------+------------+---------------------------------------------------------------------------+-------------+--------------+
Note: For table entries with two numbers listed, the numbers in parentheses indicate the number of resources of the given type used by the specific entity alone. The numbers listed outside of parentheses indicate the total resources of the given type used by the specific entity and all of its sub-entities in the hierarchy.


+-----------------------------------------------------+
; Analysis & Synthesis DSP Block Usage Summary        ;
+---------------------------------------+-------------+
; Statistic                             ; Number Used ;
+---------------------------------------+-------------+
; Simple Multipliers (9-bit)            ; 0           ;
; Simple Multipliers (18-bit)           ; 2           ;
; Embedded Multiplier Blocks            ; --          ;
; Embedded Multiplier 9-bit elements    ; 4           ;
; Signed Embedded Multipliers           ; 2           ;
; Unsigned Embedded Multipliers         ; 0           ;
; Mixed Sign Embedded Multipliers       ; 0           ;
; Variable Sign Embedded Multipliers    ; 0           ;
; Dedicated Input Shift Register Chains ; 0           ;
+---------------------------------------+-------------+
Note: number of Embedded Multiplier Blocks used is only available after a successful fit.


Encoding Type:  One-Hot
+------------------------------------------------------------------------------------------------------------------------------------------------------------------------------------------------------------------------------------------------------------------------------------------------+
; State Machine - |final|checkkeypad:u_ck|keypadBuf                                                                                                                                                                                                                                              ;
+----------------+----------------+----------------+----------------+----------------+----------------+----------------+----------------+----------------+----------------+----------------+----------------+----------------+----------------+----------------+----------------+----------------+
; Name           ; keypadBuf.1111 ; keypadBuf.1110 ; keypadBuf.1101 ; keypadBuf.1100 ; keypadBuf.1011 ; keypadBuf.1010 ; keypadBuf.1001 ; keypadBuf.1000 ; keypadBuf.0111 ; keypadBuf.0110 ; keypadBuf.0101 ; keypadBuf.0100 ; keypadBuf.0011 ; keypadBuf.0010 ; keypadBuf.0001 ; keypadBuf.0000 ;
+----------------+----------------+----------------+----------------+----------------+----------------+----------------+----------------+----------------+----------------+----------------+----------------+----------------+----------------+----------------+----------------+----------------+
; keypadBuf.0000 ; 0              ; 0              ; 0              ; 0              ; 0              ; 0              ; 0              ; 0              ; 0              ; 0              ; 0              ; 0              ; 0              ; 0              ; 0              ; 0              ;
; keypadBuf.0001 ; 0              ; 0              ; 0              ; 0              ; 0              ; 0              ; 0              ; 0              ; 0              ; 0              ; 0              ; 0              ; 0              ; 0              ; 1              ; 1              ;
; keypadBuf.0010 ; 0              ; 0              ; 0              ; 0              ; 0              ; 0              ; 0              ; 0              ; 0              ; 0              ; 0              ; 0              ; 0              ; 1              ; 0              ; 1              ;
; keypadBuf.0011 ; 0              ; 0              ; 0              ; 0              ; 0              ; 0              ; 0              ; 0              ; 0              ; 0              ; 0              ; 0              ; 1              ; 0              ; 0              ; 1              ;
; keypadBuf.0100 ; 0              ; 0              ; 0              ; 0              ; 0              ; 0              ; 0              ; 0              ; 0              ; 0              ; 0              ; 1              ; 0              ; 0              ; 0              ; 1              ;
; keypadBuf.0101 ; 0              ; 0              ; 0              ; 0              ; 0              ; 0              ; 0              ; 0              ; 0              ; 0              ; 1              ; 0              ; 0              ; 0              ; 0              ; 1              ;
; keypadBuf.0110 ; 0              ; 0              ; 0              ; 0              ; 0              ; 0              ; 0              ; 0              ; 0              ; 1              ; 0              ; 0              ; 0              ; 0              ; 0              ; 1              ;
; keypadBuf.0111 ; 0              ; 0              ; 0              ; 0              ; 0              ; 0              ; 0              ; 0              ; 1              ; 0              ; 0              ; 0              ; 0              ; 0              ; 0              ; 1              ;
; keypadBuf.1000 ; 0              ; 0              ; 0              ; 0              ; 0              ; 0              ; 0              ; 1              ; 0              ; 0              ; 0              ; 0              ; 0              ; 0              ; 0              ; 1              ;
; keypadBuf.1001 ; 0              ; 0              ; 0              ; 0              ; 0              ; 0              ; 1              ; 0              ; 0              ; 0              ; 0              ; 0              ; 0              ; 0              ; 0              ; 1              ;
; keypadBuf.1010 ; 0              ; 0              ; 0              ; 0              ; 0              ; 1              ; 0              ; 0              ; 0              ; 0              ; 0              ; 0              ; 0              ; 0              ; 0              ; 1              ;
; keypadBuf.1011 ; 0              ; 0              ; 0              ; 0              ; 1              ; 0              ; 0              ; 0              ; 0              ; 0              ; 0              ; 0              ; 0              ; 0              ; 0              ; 1              ;
; keypadBuf.1100 ; 0              ; 0              ; 0              ; 1              ; 0              ; 0              ; 0              ; 0              ; 0              ; 0              ; 0              ; 0              ; 0              ; 0              ; 0              ; 1              ;
; keypadBuf.1101 ; 0              ; 0              ; 1              ; 0              ; 0              ; 0              ; 0              ; 0              ; 0              ; 0              ; 0              ; 0              ; 0              ; 0              ; 0              ; 1              ;
; keypadBuf.1110 ; 0              ; 1              ; 0              ; 0              ; 0              ; 0              ; 0              ; 0              ; 0              ; 0              ; 0              ; 0              ; 0              ; 0              ; 0              ; 1              ;
; keypadBuf.1111 ; 1              ; 0              ; 0              ; 0              ; 0              ; 0              ; 0              ; 0              ; 0              ; 0              ; 0              ; 0              ; 0              ; 0              ; 0              ; 1              ;
+----------------+----------------+----------------+----------------+----------------+----------------+----------------+----------------+----------------+----------------+----------------+----------------+----------------+----------------+----------------+----------------+----------------+


+---------------------------------------------------------------------------------------------------------------+
; User-Specified and Inferred Latches                                                                           ;
+-----------------------------------------------------+--------------------------------+------------------------+
; Latch Name                                          ; Latch Enable Signal            ; Free of Timing Hazards ;
+-----------------------------------------------------+--------------------------------+------------------------+
; seven_seg:score_board|seg1[0]                       ; seven_seg:score_board|WideOr0  ; yes                    ;
; seven_seg:score_board|seg1[1]                       ; seven_seg:score_board|WideOr0  ; yes                    ;
; seven_seg:score_board|seg1[2]                       ; seven_seg:score_board|WideOr0  ; yes                    ;
; seven_seg:score_board|seg1[3]                       ; seven_seg:score_board|WideOr0  ; yes                    ;
; seven_seg:score_board|seg1[4]                       ; seven_seg:score_board|WideOr0  ; yes                    ;
; seven_seg:score_board|seg1[5]                       ; seven_seg:score_board|WideOr0  ; yes                    ;
; seven_seg:score_board|seg1[6]                       ; seven_seg:score_board|WideOr0  ; yes                    ;
; seven_seg:score_board|seg2[0]                       ; seven_seg:score_board|WideOr13 ; yes                    ;
; seven_seg:score_board|seg2[1]                       ; seven_seg:score_board|WideOr13 ; yes                    ;
; seven_seg:score_board|seg2[2]                       ; seven_seg:score_board|WideOr13 ; yes                    ;
; seven_seg:score_board|seg2[3]                       ; seven_seg:score_board|WideOr13 ; yes                    ;
; seven_seg:score_board|seg2[4]                       ; seven_seg:score_board|WideOr13 ; yes                    ;
; seven_seg:score_board|seg2[5]                       ; seven_seg:score_board|WideOr13 ; yes                    ;
; seven_seg:score_board|seg2[6]                       ; seven_seg:score_board|WideOr13 ; yes                    ;
; seven_seg:score_board|seg3[0]                       ; seven_seg:score_board|WideOr26 ; yes                    ;
; seven_seg:score_board|seg3[1]                       ; seven_seg:score_board|WideOr26 ; yes                    ;
; seven_seg:score_board|seg3[2]                       ; seven_seg:score_board|WideOr26 ; yes                    ;
; seven_seg:score_board|seg3[3]                       ; seven_seg:score_board|WideOr26 ; yes                    ;
; seven_seg:score_board|seg3[4]                       ; seven_seg:score_board|WideOr26 ; yes                    ;
; seven_seg:score_board|seg3[5]                       ; seven_seg:score_board|WideOr26 ; yes                    ;
; seven_seg:score_board|seg3[6]                       ; seven_seg:score_board|WideOr26 ; yes                    ;
; seven_seg:score_board|seg4[0]                       ; seven_seg:score_board|WideOr39 ; yes                    ;
; seven_seg:score_board|seg4[1]                       ; seven_seg:score_board|WideOr39 ; yes                    ;
; seven_seg:score_board|seg4[2]                       ; seven_seg:score_board|WideOr39 ; yes                    ;
; seven_seg:score_board|seg4[3]                       ; seven_seg:score_board|WideOr39 ; yes                    ;
; seven_seg:score_board|seg4[4]                       ; seven_seg:score_board|WideOr39 ; yes                    ;
; seven_seg:score_board|seg4[5]                       ; seven_seg:score_board|WideOr39 ; yes                    ;
; seven_seg:score_board|seg4[6]                       ; seven_seg:score_board|WideOr39 ; yes                    ;
; Number of user-specified and inferred latches = 28  ;                                ;                        ;
+-----------------------------------------------------+--------------------------------+------------------------+
Note: All latches listed above may not be present at the end of synthesis due to various synthesis optimizations.


+---------------------------------------------------------------------------------+
; Registers Removed During Synthesis                                              ;
+---------------------------------------+-----------------------------------------+
; Register name                         ; Reason for Removal                      ;
+---------------------------------------+-----------------------------------------+
; checkkeypad:u_ck|dot_col[3]           ; Merged with checkkeypad:u_ck|dot_col[0] ;
; checkkeypad:u_ck|dot_col[2]           ; Merged with checkkeypad:u_ck|dot_col[1] ;
; checkkeypad:u_ck|keypadBuf~5          ; Lost fanout                             ;
; checkkeypad:u_ck|keypadBuf~6          ; Lost fanout                             ;
; checkkeypad:u_ck|keypadBuf~7          ; Lost fanout                             ;
; checkkeypad:u_ck|keypadBuf~8          ; Lost fanout                             ;
; Total Number of Removed Registers = 6 ;                                         ;
+---------------------------------------+-----------------------------------------+


+------------------------------------------------------+
; General Register Statistics                          ;
+----------------------------------------------+-------+
; Statistic                                    ; Value ;
+----------------------------------------------+-------+
; Total registers                              ; 207   ;
; Number of registers using Synchronous Clear  ; 0     ;
; Number of registers using Synchronous Load   ; 1     ;
; Number of registers using Asynchronous Clear ; 129   ;
; Number of registers using Asynchronous Load  ; 0     ;
; Number of registers using Clock Enable       ; 75    ;
; Number of registers using Preset             ; 0     ;
+----------------------------------------------+-------+


+---------------------------------------------------+
; Inverted Register Statistics                      ;
+-----------------------------------------+---------+
; Inverted Register                       ; Fan out ;
+-----------------------------------------+---------+
; checkkeypad:u_ck|keypadRow[1]           ; 20      ;
; checkkeypad:u_ck|keypadRow[2]           ; 19      ;
; checkkeypad:u_ck|keypadRow[3]           ; 17      ;
; VGA_Dispay:u_VGA_Disp|left_pos[7]       ; 6       ;
; VGA_Dispay:u_VGA_Disp|left_pos[6]       ; 6       ;
; VGA_Dispay:u_VGA_Disp|left_pos[5]       ; 6       ;
; VGA_Dispay:u_VGA_Disp|left_pos[2]       ; 6       ;
; VGA_Dispay:u_VGA_Disp|left_pos[1]       ; 4       ;
; VGA_Dispay:u_VGA_Disp|right_pos[8]      ; 7       ;
; VGA_Dispay:u_VGA_Disp|right_pos[7]      ; 7       ;
; VGA_Dispay:u_VGA_Disp|right_pos[5]      ; 5       ;
; VGA_Dispay:u_VGA_Disp|right_pos[3]      ; 6       ;
; VGA_Dispay:u_VGA_Disp|right_pos[2]      ; 6       ;
; VGA_Dispay:u_VGA_Disp|right_pos[1]      ; 6       ;
; VGA_Dispay:u_VGA_Disp|ball_x_pos[1]     ; 6       ;
; VGA_Dispay:u_VGA_Disp|ball_x_pos[3]     ; 6       ;
; VGA_Dispay:u_VGA_Disp|ball_x_pos[6]     ; 6       ;
; VGA_Dispay:u_VGA_Disp|ball_x_pos[8]     ; 6       ;
; VGA_Dispay:u_VGA_Disp|ball_y_pos[1]     ; 6       ;
; VGA_Dispay:u_VGA_Disp|ball_y_pos[2]     ; 6       ;
; VGA_Dispay:u_VGA_Disp|ball_y_pos[7]     ; 6       ;
; VGA_Dispay:u_VGA_Disp|ball_y_pos[8]     ; 6       ;
; VGA_Dispay:u_VGA_Disp|h_speed           ; 12      ;
; Total number of inverted registers = 23 ;         ;
+-----------------------------------------+---------+


+---------------------------------------------------------------------------------------------------------------------------------------------------------+
; Multiplexer Restructuring Statistics (Restructuring Performed)                                                                                          ;
+--------------------+-----------+---------------+----------------------+------------------------+------------+-------------------------------------------+
; Multiplexer Inputs ; Bus Width ; Baseline Area ; Area if Restructured ; Saving if Restructured ; Registered ; Example Multiplexer Output                ;
+--------------------+-----------+---------------+----------------------+------------------------+------------+-------------------------------------------+
; 4:1                ; 12 bits   ; 24 LEs        ; 24 LEs               ; 0 LEs                  ; Yes        ; |final|VGA_Dispay:u_VGA_Disp|Green[0]     ;
; 5:1                ; 4 bits    ; 12 LEs        ; 8 LEs                ; 4 LEs                  ; Yes        ; |final|VGA_Dispay:u_VGA_Disp|left_pos[4]  ;
; 5:1                ; 3 bits    ; 9 LEs         ; 6 LEs                ; 3 LEs                  ; Yes        ; |final|VGA_Dispay:u_VGA_Disp|right_pos[9] ;
; 4:1                ; 2 bits    ; 4 LEs         ; 4 LEs                ; 0 LEs                  ; Yes        ; |final|checkkeypad:u_ck|dot_col[1]        ;
; 11:1               ; 2 bits    ; 14 LEs        ; 12 LEs               ; 2 LEs                  ; Yes        ; |final|checkkeypad:u_ck|dot_col[5]        ;
; 5:1                ; 4 bits    ; 12 LEs        ; 8 LEs                ; 4 LEs                  ; Yes        ; |final|VGA_Dispay:u_VGA_Disp|left_pos[6]  ;
; 5:1                ; 5 bits    ; 15 LEs        ; 10 LEs               ; 5 LEs                  ; Yes        ; |final|VGA_Dispay:u_VGA_Disp|right_pos[2] ;
+--------------------+-----------+---------------+----------------------+------------------------+------------+-------------------------------------------+


+--------------------------------------------------------------------+
; Parameter Settings for User Entity Instance: VGA_Dispay:u_VGA_Disp ;
+----------------+-------+-------------------------------------------+
; Parameter Name ; Value ; Type                                      ;
+----------------+-------+-------------------------------------------+
; PAL            ; 640   ; Signed Integer                            ;
; LAF            ; 480   ; Signed Integer                            ;
; PLD            ; 800   ; Signed Integer                            ;
; LFD            ; 521   ; Signed Integer                            ;
; HPW            ; 96    ; Signed Integer                            ;
; HFP            ; 16    ; Signed Integer                            ;
; VPW            ; 2     ; Signed Integer                            ;
; VFP            ; 10    ; Signed Integer                            ;
; UP_BOUND       ; 10    ; Signed Integer                            ;
; DOWN_BOUND     ; 480   ; Signed Integer                            ;
; LEFT_BOUND     ; 20    ; Signed Integer                            ;
; RIGHT_BOUND    ; 630   ; Signed Integer                            ;
; ball_r         ; 10    ; Signed Integer                            ;
+----------------+-------+-------------------------------------------+
Note: In order to hide this table in the UI and the text report file, please set the "Show Parameter Settings in Synthesis Report" option in "Analysis and Synthesis Settings -> More Settings" to "Off".


+---------------------------------------------------------------------------------------+
; Parameter Settings for Inferred Entity Instance: VGA_Dispay:u_VGA_Disp|lpm_mult:Mult0 ;
+------------------------------------------------+----------+---------------------------+
; Parameter Name                                 ; Value    ; Type                      ;
+------------------------------------------------+----------+---------------------------+
; AUTO_CARRY_CHAINS                              ; ON       ; AUTO_CARRY                ;
; IGNORE_CARRY_BUFFERS                           ; OFF      ; IGNORE_CARRY              ;
; AUTO_CASCADE_CHAINS                            ; ON       ; AUTO_CASCADE              ;
; IGNORE_CASCADE_BUFFERS                         ; OFF      ; IGNORE_CASCADE            ;
; LPM_WIDTHA                                     ; 11       ; Untyped                   ;
; LPM_WIDTHB                                     ; 11       ; Untyped                   ;
; LPM_WIDTHP                                     ; 22       ; Untyped                   ;
; LPM_WIDTHR                                     ; 22       ; Untyped                   ;
; LPM_WIDTHS                                     ; 1        ; Untyped                   ;
; LPM_REPRESENTATION                             ; SIGNED   ; Untyped                   ;
; LPM_PIPELINE                                   ; 0        ; Untyped                   ;
; LATENCY                                        ; 0        ; Untyped                   ;
; INPUT_A_IS_CONSTANT                            ; NO       ; Untyped                   ;
; INPUT_B_IS_CONSTANT                            ; NO       ; Untyped                   ;
; USE_EAB                                        ; OFF      ; Untyped                   ;
; MAXIMIZE_SPEED                                 ; 6        ; Untyped                   ;
; DEVICE_FAMILY                                  ; MAX 10   ; Untyped                   ;
; CARRY_CHAIN                                    ; MANUAL   ; Untyped                   ;
; APEX20K_TECHNOLOGY_MAPPER                      ; LUT      ; TECH_MAPPER_APEX20K       ;
; DEDICATED_MULTIPLIER_CIRCUITRY                 ; AUTO     ; Untyped                   ;
; DEDICATED_MULTIPLIER_MIN_INPUT_WIDTH_FOR_AUTO  ; 0        ; Untyped                   ;
; DEDICATED_MULTIPLIER_MIN_OUTPUT_WIDTH_FOR_AUTO ; 0        ; Untyped                   ;
; CBXI_PARAMETER                                 ; mult_fgs ; Untyped                   ;
; INPUT_A_FIXED_VALUE                            ; Bx       ; Untyped                   ;
; INPUT_B_FIXED_VALUE                            ; Bx       ; Untyped                   ;
; USE_AHDL_IMPLEMENTATION                        ; OFF      ; Untyped                   ;
+------------------------------------------------+----------+---------------------------+
Note: In order to hide this table in the UI and the text report file, please set the "Show Parameter Settings in Synthesis Report" option in "Analysis and Synthesis Settings -> More Settings" to "Off".


+---------------------------------------------------------------------------------------+
; Parameter Settings for Inferred Entity Instance: VGA_Dispay:u_VGA_Disp|lpm_mult:Mult1 ;
+------------------------------------------------+----------+---------------------------+
; Parameter Name                                 ; Value    ; Type                      ;
+------------------------------------------------+----------+---------------------------+
; AUTO_CARRY_CHAINS                              ; ON       ; AUTO_CARRY                ;
; IGNORE_CARRY_BUFFERS                           ; OFF      ; IGNORE_CARRY              ;
; AUTO_CASCADE_CHAINS                            ; ON       ; AUTO_CASCADE              ;
; IGNORE_CASCADE_BUFFERS                         ; OFF      ; IGNORE_CASCADE            ;
; LPM_WIDTHA                                     ; 11       ; Untyped                   ;
; LPM_WIDTHB                                     ; 11       ; Untyped                   ;
; LPM_WIDTHP                                     ; 22       ; Untyped                   ;
; LPM_WIDTHR                                     ; 22       ; Untyped                   ;
; LPM_WIDTHS                                     ; 1        ; Untyped                   ;
; LPM_REPRESENTATION                             ; SIGNED   ; Untyped                   ;
; LPM_PIPELINE                                   ; 0        ; Untyped                   ;
; LATENCY                                        ; 0        ; Untyped                   ;
; INPUT_A_IS_CONSTANT                            ; NO       ; Untyped                   ;
; INPUT_B_IS_CONSTANT                            ; NO       ; Untyped                   ;
; USE_EAB                                        ; OFF      ; Untyped                   ;
; MAXIMIZE_SPEED                                 ; 6        ; Untyped                   ;
; DEVICE_FAMILY                                  ; MAX 10   ; Untyped                   ;
; CARRY_CHAIN                                    ; MANUAL   ; Untyped                   ;
; APEX20K_TECHNOLOGY_MAPPER                      ; LUT      ; TECH_MAPPER_APEX20K       ;
; DEDICATED_MULTIPLIER_CIRCUITRY                 ; AUTO     ; Untyped                   ;
; DEDICATED_MULTIPLIER_MIN_INPUT_WIDTH_FOR_AUTO  ; 0        ; Untyped                   ;
; DEDICATED_MULTIPLIER_MIN_OUTPUT_WIDTH_FOR_AUTO ; 0        ; Untyped                   ;
; CBXI_PARAMETER                                 ; mult_fgs ; Untyped                   ;
; INPUT_A_FIXED_VALUE                            ; Bx       ; Untyped                   ;
; INPUT_B_FIXED_VALUE                            ; Bx       ; Untyped                   ;
; USE_AHDL_IMPLEMENTATION                        ; OFF      ; Untyped                   ;
+------------------------------------------------+----------+---------------------------+
Note: In order to hide this table in the UI and the text report file, please set the "Show Parameter Settings in Synthesis Report" option in "Analysis and Synthesis Settings -> More Settings" to "Off".


+------------------------------------------------------------------------------------------+
; Parameter Settings for Inferred Entity Instance: VGA_Dispay:u_VGA_Disp|lpm_add_sub:Add10 ;
+------------------------+-------------+---------------------------------------------------+
; Parameter Name         ; Value       ; Type                                              ;
+------------------------+-------------+---------------------------------------------------+
; LPM_WIDTH              ; 8           ; Untyped                                           ;
; LPM_REPRESENTATION     ; UNSIGNED    ; Untyped                                           ;
; LPM_DIRECTION          ; DEFAULT     ; Untyped                                           ;
; ONE_INPUT_IS_CONSTANT  ; NO          ; Untyped                                           ;
; LPM_PIPELINE           ; 0           ; Untyped                                           ;
; MAXIMIZE_SPEED         ; 5           ; Untyped                                           ;
; REGISTERED_AT_END      ; 0           ; Untyped                                           ;
; OPTIMIZE_FOR_SPEED     ; 5           ; Untyped                                           ;
; USE_CS_BUFFERS         ; 1           ; Untyped                                           ;
; CARRY_CHAIN            ; MANUAL      ; Untyped                                           ;
; CARRY_CHAIN_LENGTH     ; 48          ; CARRY_CHAIN_LENGTH                                ;
; DEVICE_FAMILY          ; MAX 10      ; Untyped                                           ;
; USE_WYS                ; OFF         ; Untyped                                           ;
; STYLE                  ; FAST        ; Untyped                                           ;
; CBXI_PARAMETER         ; add_sub_29i ; Untyped                                           ;
; AUTO_CARRY_CHAINS      ; ON          ; AUTO_CARRY                                        ;
; IGNORE_CARRY_BUFFERS   ; OFF         ; IGNORE_CARRY                                      ;
; AUTO_CASCADE_CHAINS    ; ON          ; AUTO_CASCADE                                      ;
; IGNORE_CASCADE_BUFFERS ; OFF         ; IGNORE_CASCADE                                    ;
+------------------------+-------------+---------------------------------------------------+
Note: In order to hide this table in the UI and the text report file, please set the "Show Parameter Settings in Synthesis Report" option in "Analysis and Synthesis Settings -> More Settings" to "Off".


+------------------------------------------------------------------------------------------+
; Parameter Settings for Inferred Entity Instance: VGA_Dispay:u_VGA_Disp|lpm_add_sub:Add11 ;
+------------------------+-------------+---------------------------------------------------+
; Parameter Name         ; Value       ; Type                                              ;
+------------------------+-------------+---------------------------------------------------+
; LPM_WIDTH              ; 8           ; Untyped                                           ;
; LPM_REPRESENTATION     ; UNSIGNED    ; Untyped                                           ;
; LPM_DIRECTION          ; DEFAULT     ; Untyped                                           ;
; ONE_INPUT_IS_CONSTANT  ; NO          ; Untyped                                           ;
; LPM_PIPELINE           ; 0           ; Untyped                                           ;
; MAXIMIZE_SPEED         ; 5           ; Untyped                                           ;
; REGISTERED_AT_END      ; 0           ; Untyped                                           ;
; OPTIMIZE_FOR_SPEED     ; 5           ; Untyped                                           ;
; USE_CS_BUFFERS         ; 1           ; Untyped                                           ;
; CARRY_CHAIN            ; MANUAL      ; Untyped                                           ;
; CARRY_CHAIN_LENGTH     ; 48          ; CARRY_CHAIN_LENGTH                                ;
; DEVICE_FAMILY          ; MAX 10      ; Untyped                                           ;
; USE_WYS                ; OFF         ; Untyped                                           ;
; STYLE                  ; FAST        ; Untyped                                           ;
; CBXI_PARAMETER         ; add_sub_29i ; Untyped                                           ;
; AUTO_CARRY_CHAINS      ; ON          ; AUTO_CARRY                                        ;
; IGNORE_CARRY_BUFFERS   ; OFF         ; IGNORE_CARRY                                      ;
; AUTO_CASCADE_CHAINS    ; ON          ; AUTO_CASCADE                                      ;
; IGNORE_CASCADE_BUFFERS ; OFF         ; IGNORE_CASCADE                                    ;
+------------------------+-------------+---------------------------------------------------+
Note: In order to hide this table in the UI and the text report file, please set the "Show Parameter Settings in Synthesis Report" option in "Analysis and Synthesis Settings -> More Settings" to "Off".


+------------------------------------------------------------------------------+
; lpm_mult Parameter Settings by Entity Instance                               ;
+---------------------------------------+--------------------------------------+
; Name                                  ; Value                                ;
+---------------------------------------+--------------------------------------+
; Number of entity instances            ; 2                                    ;
; Entity Instance                       ; VGA_Dispay:u_VGA_Disp|lpm_mult:Mult0 ;
;     -- LPM_WIDTHA                     ; 11                                   ;
;     -- LPM_WIDTHB                     ; 11                                   ;
;     -- LPM_WIDTHP                     ; 22                                   ;
;     -- LPM_REPRESENTATION             ; SIGNED                               ;
;     -- INPUT_A_IS_CONSTANT            ; NO                                   ;
;     -- INPUT_B_IS_CONSTANT            ; NO                                   ;
;     -- USE_EAB                        ; OFF                                  ;
;     -- DEDICATED_MULTIPLIER_CIRCUITRY ; AUTO                                 ;
;     -- INPUT_A_FIXED_VALUE            ; Bx                                   ;
;     -- INPUT_B_FIXED_VALUE            ; Bx                                   ;
; Entity Instance                       ; VGA_Dispay:u_VGA_Disp|lpm_mult:Mult1 ;
;     -- LPM_WIDTHA                     ; 11                                   ;
;     -- LPM_WIDTHB                     ; 11                                   ;
;     -- LPM_WIDTHP                     ; 22                                   ;
;     -- LPM_REPRESENTATION             ; SIGNED                               ;
;     -- INPUT_A_IS_CONSTANT            ; NO                                   ;
;     -- INPUT_B_IS_CONSTANT            ; NO                                   ;
;     -- USE_EAB                        ; OFF                                  ;
;     -- DEDICATED_MULTIPLIER_CIRCUITRY ; AUTO                                 ;
;     -- INPUT_A_FIXED_VALUE            ; Bx                                   ;
;     -- INPUT_B_FIXED_VALUE            ; Bx                                   ;
+---------------------------------------+--------------------------------------+


+-----------------------------------------------------+
; Post-Synthesis Netlist Statistics for Top Partition ;
+-----------------------+-----------------------------+
; Type                  ; Count                       ;
+-----------------------+-----------------------------+
; boundary_port         ; 73                          ;
; cycloneiii_ff         ; 207                         ;
;     CLR               ; 73                          ;
;     ENA               ; 19                          ;
;     ENA CLR           ; 56                          ;
;     SLD               ; 1                           ;
;     plain             ; 58                          ;
; cycloneiii_lcell_comb ; 639                         ;
;     arith             ; 252                         ;
;         2 data inputs ; 124                         ;
;         3 data inputs ; 128                         ;
;     normal            ; 387                         ;
;         0 data inputs ; 4                           ;
;         1 data inputs ; 23                          ;
;         2 data inputs ; 61                          ;
;         3 data inputs ; 102                         ;
;         4 data inputs ; 197                         ;
; cycloneiii_mac_mult   ; 2                           ;
; cycloneiii_mac_out    ; 2                           ;
;                       ;                             ;
; Max LUT depth         ; 8.70                        ;
; Average LUT depth     ; 3.70                        ;
+-----------------------+-----------------------------+


+-------------------------------+
; Elapsed Time Per Partition    ;
+----------------+--------------+
; Partition Name ; Elapsed Time ;
+----------------+--------------+
; Top            ; 00:00:01     ;
+----------------+--------------+


+-------------------------------+
; Analysis & Synthesis Messages ;
+-------------------------------+
Info: *******************************************************************
Info: Running Quartus Prime Analysis & Synthesis
    Info: Version 18.1.0 Build 625 09/12/2018 SJ Lite Edition
    Info: Processing started: Sun Jan 05 00:57:06 2025
Info: Command: quartus_map --read_settings_files=on --write_settings_files=off final -c final
Warning (18236): Number of processors has not been specified which may cause overloading on shared machines.  Set the global assignment NUM_PARALLEL_PROCESSORS in your QSF to an appropriate value for best performance.
Info (20030): Parallel compilation is enabled and will use 12 of the 12 processors detected
Info (12021): Found 1 design units, including 1 entities, in source file counter.v
    Info (12023): Found entity 1: counter File: C:/Users/user/Downloads/finalproject/finalproject/counter.v Line: 1
Info (12021): Found 1 design units, including 1 entities, in source file checkkeypad.v
    Info (12023): Found entity 1: checkkeypad File: C:/Users/user/Downloads/finalproject/finalproject/checkkeypad.v Line: 4
Warning (10463): Verilog HDL Declaration warning at final.v(3): "final" is SystemVerilog-2005 keyword File: C:/Users/user/Downloads/finalproject/finalproject/final.v Line: 3
Warning (10275): Verilog HDL Module Instantiation warning at final.v(77): ignored dangling comma in List of Port Connections File: C:/Users/user/Downloads/finalproject/finalproject/final.v Line: 77
Warning (12125): Using design file final.v, which is not specified as a design file for the current project, but contains definitions for 1 design units and 1 entities in project
    Info (12023): Found entity 1: final File: C:/Users/user/Downloads/finalproject/finalproject/final.v Line: 3
Info (12127): Elaborating entity "final" for the top level hierarchy
Info (12128): Elaborating entity "checkkeypad" for hierarchy "checkkeypad:u_ck" File: C:/Users/user/Downloads/finalproject/finalproject/final.v Line: 48
Info (10264): Verilog HDL Case Statement information at checkkeypad.v(101): all case item expressions in this case statement are onehot File: C:/Users/user/Downloads/finalproject/finalproject/checkkeypad.v Line: 101
Warning (12125): Using design file vga_dispay.v, which is not specified as a design file for the current project, but contains definitions for 1 design units and 1 entities in project
    Info (12023): Found entity 1: VGA_Dispay File: C:/Users/user/Downloads/finalproject/finalproject/vga_dispay.v Line: 9
Info (12128): Elaborating entity "VGA_Dispay" for hierarchy "VGA_Dispay:u_VGA_Disp" File: C:/Users/user/Downloads/finalproject/finalproject/final.v Line: 77
Warning (10230): Verilog HDL assignment warning at vga_dispay.v(81): truncated value with size 32 to match size of target (10) File: C:/Users/user/Downloads/finalproject/finalproject/vga_dispay.v Line: 81
Warning (10230): Verilog HDL assignment warning at vga_dispay.v(84): truncated value with size 32 to match size of target (10) File: C:/Users/user/Downloads/finalproject/finalproject/vga_dispay.v Line: 84
Warning (10230): Verilog HDL assignment warning at vga_dispay.v(142): truncated value with size 32 to match size of target (10) File: C:/Users/user/Downloads/finalproject/finalproject/vga_dispay.v Line: 142
Warning (10230): Verilog HDL assignment warning at vga_dispay.v(143): truncated value with size 32 to match size of target (10) File: C:/Users/user/Downloads/finalproject/finalproject/vga_dispay.v Line: 143
Warning (10230): Verilog HDL assignment warning at vga_dispay.v(146): truncated value with size 32 to match size of target (10) File: C:/Users/user/Downloads/finalproject/finalproject/vga_dispay.v Line: 146
Warning (10230): Verilog HDL assignment warning at vga_dispay.v(147): truncated value with size 32 to match size of target (10) File: C:/Users/user/Downloads/finalproject/finalproject/vga_dispay.v Line: 147
Warning (10230): Verilog HDL assignment warning at vga_dispay.v(152): truncated value with size 32 to match size of target (10) File: C:/Users/user/Downloads/finalproject/finalproject/vga_dispay.v Line: 152
Warning (10230): Verilog HDL assignment warning at vga_dispay.v(153): truncated value with size 32 to match size of target (10) File: C:/Users/user/Downloads/finalproject/finalproject/vga_dispay.v Line: 153
Warning (10230): Verilog HDL assignment warning at vga_dispay.v(156): truncated value with size 32 to match size of target (10) File: C:/Users/user/Downloads/finalproject/finalproject/vga_dispay.v Line: 156
Warning (10230): Verilog HDL assignment warning at vga_dispay.v(157): truncated value with size 32 to match size of target (10) File: C:/Users/user/Downloads/finalproject/finalproject/vga_dispay.v Line: 157
Warning (12125): Using design file seven_seg.v, which is not specified as a design file for the current project, but contains definitions for 1 design units and 1 entities in project
    Info (12023): Found entity 1: seven_seg File: C:/Users/user/Downloads/finalproject/finalproject/seven_seg.v Line: 22
Info (12128): Elaborating entity "seven_seg" for hierarchy "seven_seg:score_board" File: C:/Users/user/Downloads/finalproject/finalproject/final.v Line: 90
Warning (10036): Verilog HDL or VHDL warning at seven_seg.v(41): object "cnt" assigned a value but never read File: C:/Users/user/Downloads/finalproject/finalproject/seven_seg.v Line: 41
Warning (10230): Verilog HDL assignment warning at seven_seg.v(54): truncated value with size 32 to match size of target (7) File: C:/Users/user/Downloads/finalproject/finalproject/seven_seg.v Line: 54
Warning (10230): Verilog HDL assignment warning at seven_seg.v(84): truncated value with size 32 to match size of target (7) File: C:/Users/user/Downloads/finalproject/finalproject/seven_seg.v Line: 84
Warning (10230): Verilog HDL assignment warning at seven_seg.v(87): truncated value with size 32 to match size of target (7) File: C:/Users/user/Downloads/finalproject/finalproject/seven_seg.v Line: 87
Warning (10230): Verilog HDL assignment warning at seven_seg.v(90): truncated value with size 32 to match size of target (7) File: C:/Users/user/Downloads/finalproject/finalproject/seven_seg.v Line: 90
Warning (10230): Verilog HDL assignment warning at seven_seg.v(93): truncated value with size 32 to match size of target (7) File: C:/Users/user/Downloads/finalproject/finalproject/seven_seg.v Line: 93
Warning (10240): Verilog HDL Always Construct warning at seven_seg.v(99): inferring latch(es) for variable "seg1", which holds its previous value in one or more paths through the always construct File: C:/Users/user/Downloads/finalproject/finalproject/seven_seg.v Line: 99
Warning (10240): Verilog HDL Always Construct warning at seven_seg.v(99): inferring latch(es) for variable "seg2", which holds its previous value in one or more paths through the always construct File: C:/Users/user/Downloads/finalproject/finalproject/seven_seg.v Line: 99
Warning (10240): Verilog HDL Always Construct warning at seven_seg.v(99): inferring latch(es) for variable "seg3", which holds its previous value in one or more paths through the always construct File: C:/Users/user/Downloads/finalproject/finalproject/seven_seg.v Line: 99
Warning (10240): Verilog HDL Always Construct warning at seven_seg.v(99): inferring latch(es) for variable "seg4", which holds its previous value in one or more paths through the always construct File: C:/Users/user/Downloads/finalproject/finalproject/seven_seg.v Line: 99
Info (10041): Inferred latch for "seg4[0]" at seven_seg.v(99) File: C:/Users/user/Downloads/finalproject/finalproject/seven_seg.v Line: 99
Info (10041): Inferred latch for "seg4[1]" at seven_seg.v(99) File: C:/Users/user/Downloads/finalproject/finalproject/seven_seg.v Line: 99
Info (10041): Inferred latch for "seg4[2]" at seven_seg.v(99) File: C:/Users/user/Downloads/finalproject/finalproject/seven_seg.v Line: 99
Info (10041): Inferred latch for "seg4[3]" at seven_seg.v(99) File: C:/Users/user/Downloads/finalproject/finalproject/seven_seg.v Line: 99
Info (10041): Inferred latch for "seg4[4]" at seven_seg.v(99) File: C:/Users/user/Downloads/finalproject/finalproject/seven_seg.v Line: 99
Info (10041): Inferred latch for "seg4[5]" at seven_seg.v(99) File: C:/Users/user/Downloads/finalproject/finalproject/seven_seg.v Line: 99
Info (10041): Inferred latch for "seg4[6]" at seven_seg.v(99) File: C:/Users/user/Downloads/finalproject/finalproject/seven_seg.v Line: 99
Info (10041): Inferred latch for "seg3[0]" at seven_seg.v(99) File: C:/Users/user/Downloads/finalproject/finalproject/seven_seg.v Line: 99
Info (10041): Inferred latch for "seg3[1]" at seven_seg.v(99) File: C:/Users/user/Downloads/finalproject/finalproject/seven_seg.v Line: 99
Info (10041): Inferred latch for "seg3[2]" at seven_seg.v(99) File: C:/Users/user/Downloads/finalproject/finalproject/seven_seg.v Line: 99
Info (10041): Inferred latch for "seg3[3]" at seven_seg.v(99) File: C:/Users/user/Downloads/finalproject/finalproject/seven_seg.v Line: 99
Info (10041): Inferred latch for "seg3[4]" at seven_seg.v(99) File: C:/Users/user/Downloads/finalproject/finalproject/seven_seg.v Line: 99
Info (10041): Inferred latch for "seg3[5]" at seven_seg.v(99) File: C:/Users/user/Downloads/finalproject/finalproject/seven_seg.v Line: 99
Info (10041): Inferred latch for "seg3[6]" at seven_seg.v(99) File: C:/Users/user/Downloads/finalproject/finalproject/seven_seg.v Line: 99
Info (10041): Inferred latch for "seg2[0]" at seven_seg.v(99) File: C:/Users/user/Downloads/finalproject/finalproject/seven_seg.v Line: 99
Info (10041): Inferred latch for "seg2[1]" at seven_seg.v(99) File: C:/Users/user/Downloads/finalproject/finalproject/seven_seg.v Line: 99
Info (10041): Inferred latch for "seg2[2]" at seven_seg.v(99) File: C:/Users/user/Downloads/finalproject/finalproject/seven_seg.v Line: 99
Info (10041): Inferred latch for "seg2[3]" at seven_seg.v(99) File: C:/Users/user/Downloads/finalproject/finalproject/seven_seg.v Line: 99
Info (10041): Inferred latch for "seg2[4]" at seven_seg.v(99) File: C:/Users/user/Downloads/finalproject/finalproject/seven_seg.v Line: 99
Info (10041): Inferred latch for "seg2[5]" at seven_seg.v(99) File: C:/Users/user/Downloads/finalproject/finalproject/seven_seg.v Line: 99
Info (10041): Inferred latch for "seg2[6]" at seven_seg.v(99) File: C:/Users/user/Downloads/finalproject/finalproject/seven_seg.v Line: 99
Info (10041): Inferred latch for "seg1[0]" at seven_seg.v(99) File: C:/Users/user/Downloads/finalproject/finalproject/seven_seg.v Line: 99
Info (10041): Inferred latch for "seg1[1]" at seven_seg.v(99) File: C:/Users/user/Downloads/finalproject/finalproject/seven_seg.v Line: 99
Info (10041): Inferred latch for "seg1[2]" at seven_seg.v(99) File: C:/Users/user/Downloads/finalproject/finalproject/seven_seg.v Line: 99
Info (10041): Inferred latch for "seg1[3]" at seven_seg.v(99) File: C:/Users/user/Downloads/finalproject/finalproject/seven_seg.v Line: 99
Info (10041): Inferred latch for "seg1[4]" at seven_seg.v(99) File: C:/Users/user/Downloads/finalproject/finalproject/seven_seg.v Line: 99
Info (10041): Inferred latch for "seg1[5]" at seven_seg.v(99) File: C:/Users/user/Downloads/finalproject/finalproject/seven_seg.v Line: 99
Info (10041): Inferred latch for "seg1[6]" at seven_seg.v(99) File: C:/Users/user/Downloads/finalproject/finalproject/seven_seg.v Line: 99
Info (278001): Inferred 4 megafunctions from design logic
    Info (278003): Inferred multiplier megafunction ("lpm_mult") from the following logic: "VGA_Dispay:u_VGA_Disp|Mult0" File: C:/Users/user/Downloads/finalproject/finalproject/vga_dispay.v Line: 113
    Info (278003): Inferred multiplier megafunction ("lpm_mult") from the following logic: "VGA_Dispay:u_VGA_Disp|Mult1" File: C:/Users/user/Downloads/finalproject/finalproject/vga_dispay.v Line: 114
    Info (278002): Inferred adder/subtractor megafunction ("lpm_add_sub") from the following logic: "VGA_Dispay:u_VGA_Disp|Add10" File: C:/Users/user/Downloads/finalproject/finalproject/vga_dispay.v Line: 146
    Info (278002): Inferred adder/subtractor megafunction ("lpm_add_sub") from the following logic: "VGA_Dispay:u_VGA_Disp|Add11" File: C:/Users/user/Downloads/finalproject/finalproject/vga_dispay.v Line: 147
Info (12130): Elaborated megafunction instantiation "VGA_Dispay:u_VGA_Disp|lpm_mult:Mult0" File: C:/Users/user/Downloads/finalproject/finalproject/vga_dispay.v Line: 113
Info (12133): Instantiated megafunction "VGA_Dispay:u_VGA_Disp|lpm_mult:Mult0" with the following parameter: File: C:/Users/user/Downloads/finalproject/finalproject/vga_dispay.v Line: 113
    Info (12134): Parameter "LPM_WIDTHA" = "11"
    Info (12134): Parameter "LPM_WIDTHB" = "11"
    Info (12134): Parameter "LPM_WIDTHP" = "22"
    Info (12134): Parameter "LPM_WIDTHR" = "22"
    Info (12134): Parameter "LPM_WIDTHS" = "1"
    Info (12134): Parameter "LPM_REPRESENTATION" = "SIGNED"
    Info (12134): Parameter "INPUT_A_IS_CONSTANT" = "NO"
    Info (12134): Parameter "INPUT_B_IS_CONSTANT" = "NO"
    Info (12134): Parameter "MAXIMIZE_SPEED" = "6"
Info (12021): Found 1 design units, including 1 entities, in source file db/mult_fgs.tdf
    Info (12023): Found entity 1: mult_fgs File: C:/Users/user/Downloads/finalproject/finalproject/db/mult_fgs.tdf Line: 28
Info (12130): Elaborated megafunction instantiation "VGA_Dispay:u_VGA_Disp|lpm_add_sub:Add10" File: C:/Users/user/Downloads/finalproject/finalproject/vga_dispay.v Line: 146
Info (12133): Instantiated megafunction "VGA_Dispay:u_VGA_Disp|lpm_add_sub:Add10" with the following parameter: File: C:/Users/user/Downloads/finalproject/finalproject/vga_dispay.v Line: 146
    Info (12134): Parameter "LPM_WIDTH" = "8"
    Info (12134): Parameter "LPM_DIRECTION" = "DEFAULT"
    Info (12134): Parameter "LPM_REPRESENTATION" = "UNSIGNED"
    Info (12134): Parameter "ONE_INPUT_IS_CONSTANT" = "NO"
Info (12021): Found 1 design units, including 1 entities, in source file db/add_sub_29i.tdf
    Info (12023): Found entity 1: add_sub_29i File: C:/Users/user/Downloads/finalproject/finalproject/db/add_sub_29i.tdf Line: 22
Warning (13012): Latch seven_seg:score_board|seg1[0] has unsafe behavior File: C:/Users/user/Downloads/finalproject/finalproject/seven_seg.v Line: 99
    Warning (13013): Ports D and ENA on the latch are fed by the same signal seven_seg:score_board|num0[6] File: C:/Users/user/Downloads/finalproject/finalproject/seven_seg.v Line: 70
Warning (13012): Latch seven_seg:score_board|seg1[1] has unsafe behavior File: C:/Users/user/Downloads/finalproject/finalproject/seven_seg.v Line: 99
    Warning (13013): Ports D and ENA on the latch are fed by the same signal seven_seg:score_board|num0[6] File: C:/Users/user/Downloads/finalproject/finalproject/seven_seg.v Line: 70
Warning (13012): Latch seven_seg:score_board|seg1[2] has unsafe behavior File: C:/Users/user/Downloads/finalproject/finalproject/seven_seg.v Line: 99
    Warning (13013): Ports D and ENA on the latch are fed by the same signal seven_seg:score_board|num0[6] File: C:/Users/user/Downloads/finalproject/finalproject/seven_seg.v Line: 70
Warning (13012): Latch seven_seg:score_board|seg1[3] has unsafe behavior File: C:/Users/user/Downloads/finalproject/finalproject/seven_seg.v Line: 99
    Warning (13013): Ports D and ENA on the latch are fed by the same signal seven_seg:score_board|num0[6] File: C:/Users/user/Downloads/finalproject/finalproject/seven_seg.v Line: 70
Warning (13012): Latch seven_seg:score_board|seg1[4] has unsafe behavior File: C:/Users/user/Downloads/finalproject/finalproject/seven_seg.v Line: 99
    Warning (13013): Ports D and ENA on the latch are fed by the same signal seven_seg:score_board|num0[6] File: C:/Users/user/Downloads/finalproject/finalproject/seven_seg.v Line: 70
Warning (13012): Latch seven_seg:score_board|seg1[5] has unsafe behavior File: C:/Users/user/Downloads/finalproject/finalproject/seven_seg.v Line: 99
    Warning (13013): Ports D and ENA on the latch are fed by the same signal seven_seg:score_board|num0[6] File: C:/Users/user/Downloads/finalproject/finalproject/seven_seg.v Line: 70
Warning (13012): Latch seven_seg:score_board|seg1[6] has unsafe behavior File: C:/Users/user/Downloads/finalproject/finalproject/seven_seg.v Line: 99
    Warning (13013): Ports D and ENA on the latch are fed by the same signal seven_seg:score_board|num0[6] File: C:/Users/user/Downloads/finalproject/finalproject/seven_seg.v Line: 70
Warning (13012): Latch seven_seg:score_board|seg2[0] has unsafe behavior File: C:/Users/user/Downloads/finalproject/finalproject/seven_seg.v Line: 99
    Warning (13013): Ports D and ENA on the latch are fed by the same signal seven_seg:score_board|num1[13] File: C:/Users/user/Downloads/finalproject/finalproject/seven_seg.v Line: 70
Warning (13012): Latch seven_seg:score_board|seg2[1] has unsafe behavior File: C:/Users/user/Downloads/finalproject/finalproject/seven_seg.v Line: 99
    Warning (13013): Ports D and ENA on the latch are fed by the same signal seven_seg:score_board|num1[13] File: C:/Users/user/Downloads/finalproject/finalproject/seven_seg.v Line: 70
Warning (13012): Latch seven_seg:score_board|seg2[2] has unsafe behavior File: C:/Users/user/Downloads/finalproject/finalproject/seven_seg.v Line: 99
    Warning (13013): Ports D and ENA on the latch are fed by the same signal seven_seg:score_board|num1[13] File: C:/Users/user/Downloads/finalproject/finalproject/seven_seg.v Line: 70
Warning (13012): Latch seven_seg:score_board|seg2[3] has unsafe behavior File: C:/Users/user/Downloads/finalproject/finalproject/seven_seg.v Line: 99
    Warning (13013): Ports D and ENA on the latch are fed by the same signal seven_seg:score_board|num1[13] File: C:/Users/user/Downloads/finalproject/finalproject/seven_seg.v Line: 70
Warning (13012): Latch seven_seg:score_board|seg2[4] has unsafe behavior File: C:/Users/user/Downloads/finalproject/finalproject/seven_seg.v Line: 99
    Warning (13013): Ports D and ENA on the latch are fed by the same signal seven_seg:score_board|num1[13] File: C:/Users/user/Downloads/finalproject/finalproject/seven_seg.v Line: 70
Warning (13012): Latch seven_seg:score_board|seg2[5] has unsafe behavior File: C:/Users/user/Downloads/finalproject/finalproject/seven_seg.v Line: 99
    Warning (13013): Ports D and ENA on the latch are fed by the same signal seven_seg:score_board|num1[13] File: C:/Users/user/Downloads/finalproject/finalproject/seven_seg.v Line: 70
Warning (13012): Latch seven_seg:score_board|seg2[6] has unsafe behavior File: C:/Users/user/Downloads/finalproject/finalproject/seven_seg.v Line: 99
    Warning (13013): Ports D and ENA on the latch are fed by the same signal seven_seg:score_board|num1[13] File: C:/Users/user/Downloads/finalproject/finalproject/seven_seg.v Line: 70
Warning (13012): Latch seven_seg:score_board|seg3[0] has unsafe behavior File: C:/Users/user/Downloads/finalproject/finalproject/seven_seg.v Line: 99
    Warning (13013): Ports D and ENA on the latch are fed by the same signal seven_seg:score_board|num2[20] File: C:/Users/user/Downloads/finalproject/finalproject/seven_seg.v Line: 70
Warning (13012): Latch seven_seg:score_board|seg3[1] has unsafe behavior File: C:/Users/user/Downloads/finalproject/finalproject/seven_seg.v Line: 99
    Warning (13013): Ports D and ENA on the latch are fed by the same signal seven_seg:score_board|num2[20] File: C:/Users/user/Downloads/finalproject/finalproject/seven_seg.v Line: 70
Warning (13012): Latch seven_seg:score_board|seg3[2] has unsafe behavior File: C:/Users/user/Downloads/finalproject/finalproject/seven_seg.v Line: 99
    Warning (13013): Ports D and ENA on the latch are fed by the same signal seven_seg:score_board|num2[20] File: C:/Users/user/Downloads/finalproject/finalproject/seven_seg.v Line: 70
Warning (13012): Latch seven_seg:score_board|seg3[3] has unsafe behavior File: C:/Users/user/Downloads/finalproject/finalproject/seven_seg.v Line: 99
    Warning (13013): Ports D and ENA on the latch are fed by the same signal seven_seg:score_board|num2[20] File: C:/Users/user/Downloads/finalproject/finalproject/seven_seg.v Line: 70
Warning (13012): Latch seven_seg:score_board|seg3[4] has unsafe behavior File: C:/Users/user/Downloads/finalproject/finalproject/seven_seg.v Line: 99
    Warning (13013): Ports D and ENA on the latch are fed by the same signal seven_seg:score_board|num2[20] File: C:/Users/user/Downloads/finalproject/finalproject/seven_seg.v Line: 70
Warning (13012): Latch seven_seg:score_board|seg3[5] has unsafe behavior File: C:/Users/user/Downloads/finalproject/finalproject/seven_seg.v Line: 99
    Warning (13013): Ports D and ENA on the latch are fed by the same signal seven_seg:score_board|num2[20] File: C:/Users/user/Downloads/finalproject/finalproject/seven_seg.v Line: 70
Warning (13012): Latch seven_seg:score_board|seg3[6] has unsafe behavior File: C:/Users/user/Downloads/finalproject/finalproject/seven_seg.v Line: 99
    Warning (13013): Ports D and ENA on the latch are fed by the same signal seven_seg:score_board|num2[20] File: C:/Users/user/Downloads/finalproject/finalproject/seven_seg.v Line: 70
Warning (13012): Latch seven_seg:score_board|seg4[0] has unsafe behavior File: C:/Users/user/Downloads/finalproject/finalproject/seven_seg.v Line: 99
    Warning (13013): Ports D and ENA on the latch are fed by the same signal seven_seg:score_board|num3[27] File: C:/Users/user/Downloads/finalproject/finalproject/seven_seg.v Line: 70
Warning (13012): Latch seven_seg:score_board|seg4[1] has unsafe behavior File: C:/Users/user/Downloads/finalproject/finalproject/seven_seg.v Line: 99
    Warning (13013): Ports D and ENA on the latch are fed by the same signal seven_seg:score_board|num3[27] File: C:/Users/user/Downloads/finalproject/finalproject/seven_seg.v Line: 70
Warning (13012): Latch seven_seg:score_board|seg4[2] has unsafe behavior File: C:/Users/user/Downloads/finalproject/finalproject/seven_seg.v Line: 99
    Warning (13013): Ports D and ENA on the latch are fed by the same signal seven_seg:score_board|num3[27] File: C:/Users/user/Downloads/finalproject/finalproject/seven_seg.v Line: 70
Warning (13012): Latch seven_seg:score_board|seg4[3] has unsafe behavior File: C:/Users/user/Downloads/finalproject/finalproject/seven_seg.v Line: 99
    Warning (13013): Ports D and ENA on the latch are fed by the same signal seven_seg:score_board|num3[27] File: C:/Users/user/Downloads/finalproject/finalproject/seven_seg.v Line: 70
Warning (13012): Latch seven_seg:score_board|seg4[4] has unsafe behavior File: C:/Users/user/Downloads/finalproject/finalproject/seven_seg.v Line: 99
    Warning (13013): Ports D and ENA on the latch are fed by the same signal seven_seg:score_board|num3[27] File: C:/Users/user/Downloads/finalproject/finalproject/seven_seg.v Line: 70
Warning (13012): Latch seven_seg:score_board|seg4[5] has unsafe behavior File: C:/Users/user/Downloads/finalproject/finalproject/seven_seg.v Line: 99
    Warning (13013): Ports D and ENA on the latch are fed by the same signal seven_seg:score_board|num3[27] File: C:/Users/user/Downloads/finalproject/finalproject/seven_seg.v Line: 70
Warning (13012): Latch seven_seg:score_board|seg4[6] has unsafe behavior File: C:/Users/user/Downloads/finalproject/finalproject/seven_seg.v Line: 99
    Warning (13013): Ports D and ENA on the latch are fed by the same signal seven_seg:score_board|num3[27] File: C:/Users/user/Downloads/finalproject/finalproject/seven_seg.v Line: 70
Info (13000): Registers with preset signals will power-up high File: C:/Users/user/Downloads/finalproject/finalproject/checkkeypad.v Line: 35
Info (13003): DEV_CLRn pin will set, and not reset, register with preset signal due to NOT Gate Push-Back
Info (286030): Timing-Driven Synthesis is running
Info (17049): 4 registers lost all their fanouts during netlist optimizations.
Info (144001): Generated suppressed messages file C:/Users/user/Downloads/finalproject/finalproject/output_files/final.map.smsg
Info (16010): Generating hard_block partition "hard_block:auto_generated_inst"
    Info (16011): Adding 0 node(s), including 0 DDIO, 0 PLL, 0 transceiver and 0 LCELL
Info (21057): Implemented 715 device resources after synthesis - the final resource count might be different
    Info (21058): Implemented 11 input pins
    Info (21059): Implemented 62 output pins
    Info (21061): Implemented 638 logic cells
    Info (21062): Implemented 4 DSP elements
Info: Quartus Prime Analysis & Synthesis was successful. 0 errors, 82 warnings
    Info: Peak virtual memory: 4838 megabytes
    Info: Processing ended: Sun Jan 05 00:57:19 2025
    Info: Elapsed time: 00:00:13
    Info: Total CPU time (on all processors): 00:00:07


+------------------------------------------+
; Analysis & Synthesis Suppressed Messages ;
+------------------------------------------+
The suppressed messages can be found in C:/Users/user/Downloads/finalproject/finalproject/output_files/final.map.smsg.


